2023-08-14 10:04:32,965 INFO [MorningStar] [my_client.py (operation:95] -- reading img of F:/FDOCAS/data/baby_0.jpg
2023-08-14 10:04:32,970 INFO [MorningStar] [my_client.py (client:39] -- Sending img ...
2023-08-14 10:04:32,971 INFO [MorningStar] [my_client.py (client:44] -- Sending img done ...
2023-08-14 10:04:33,176 INFO [MorningStar] [my_client.py (start_listen:65] -- Getting result img_baby_0.jpg...
2023-08-14 10:04:33,183 INFO [MorningStar] [my_client.py (operation:103] -- Continue...
2023-08-14 10:04:33,301 INFO [MorningStar] [my_client.py (operation:95] -- reading img of F:/FDOCAS/data/baby_1.jpg
2023-08-14 10:04:33,304 INFO [MorningStar] [my_client.py (client:39] -- Sending img ...
2023-08-14 10:04:33,304 INFO [MorningStar] [my_client.py (client:44] -- Sending img done ...
2023-08-14 10:04:33,375 INFO [MorningStar] [my_client.py (start_listen:65] -- Getting result img_baby_1.jpg...
2023-08-14 10:04:33,383 INFO [MorningStar] [my_client.py (operation:103] -- Continue...
2023-08-14 10:04:33,693 INFO [MorningStar] [my_client.py (operation:95] -- reading img of F:/FDOCAS/data/baby_2.jpg
2023-08-14 10:04:33,696 INFO [MorningStar] [my_client.py (client:39] -- Sending img ...
2023-08-14 10:04:33,696 INFO [MorningStar] [my_client.py (client:44] -- Sending img done ...
2023-08-14 10:04:33,770 INFO [MorningStar] [my_client.py (start_listen:65] -- Getting result img_baby_2.jpg...
2023-08-14 10:04:34,777 INFO [MorningStar] [my_client.py (operation:103] -- Continue...
2023-08-14 10:04:34,778 INFO [MorningStar] [my_client.py (operation:95] -- reading img of F:/FDOCAS/data/baby_3.jpg
2023-08-14 10:04:34,781 INFO [MorningStar] [my_client.py (client:39] -- Sending img ...
2023-08-14 10:04:34,781 INFO [MorningStar] [my_client.py (client:44] -- Sending img done ...
2023-08-14 10:04:34,849 INFO [MorningStar] [my_client.py (start_listen:65] -- Getting result img_baby_3.jpg...
2023-08-14 10:04:35,867 INFO [MorningStar] [my_client.py (operation:103] -- Continue...
2023-08-14 10:04:35,867 INFO [MorningStar] [my_client.py (operation:95] -- reading img of F:/FDOCAS/data/baby_4.jpg
2023-08-14 10:04:35,869 INFO [MorningStar] [my_client.py (client:39] -- Sending img ...
2023-08-14 10:04:35,870 INFO [MorningStar] [my_client.py (client:44] -- Sending img done ...
2023-08-14 10:04:35,927 INFO [MorningStar] [my_client.py (start_listen:65] -- Getting result img_baby_4.jpg...
2023-08-14 10:04:35,934 INFO [MorningStar] [my_client.py (operation:103] -- Continue...
2023-08-14 10:04:35,935 INFO [MorningStar] [my_client.py (operation:95] -- reading img of F:/FDOCAS/data/baby_5.jpg
2023-08-14 10:04:35,938 INFO [MorningStar] [my_client.py (client:39] -- Sending img ...
2023-08-14 10:04:35,938 INFO [MorningStar] [my_client.py (client:44] -- Sending img done ...
2023-08-14 10:04:35,997 INFO [MorningStar] [my_client.py (start_listen:65] -- Getting result img_baby_5.jpg...
2023-08-14 10:04:36,005 INFO [MorningStar] [my_client.py (operation:103] -- Continue...
2023-08-14 10:04:36,006 INFO [MorningStar] [my_client.py (operation:95] -- reading img of F:/FDOCAS/data/baby_6.jpg
2023-08-14 10:04:36,010 INFO [MorningStar] [my_client.py (client:39] -- Sending img ...
2023-08-14 10:04:36,010 INFO [MorningStar] [my_client.py (client:44] -- Sending img done ...
2023-08-14 10:04:36,080 INFO [MorningStar] [my_client.py (start_listen:65] -- Getting result img_baby_6.jpg...
2023-08-14 10:04:36,087 INFO [MorningStar] [my_client.py (operation:103] -- Continue...
2023-08-14 10:04:36,088 INFO [MorningStar] [my_client.py (operation:95] -- reading img of F:/FDOCAS/data/baby_7.jpg
2023-08-14 10:04:36,091 INFO [MorningStar] [my_client.py (client:39] -- Sending img ...
2023-08-14 10:04:36,092 INFO [MorningStar] [my_client.py (client:44] -- Sending img done ...
2023-08-14 10:04:36,163 INFO [MorningStar] [my_client.py (start_listen:65] -- Getting result img_baby_7.jpg...
2023-08-14 10:04:37,181 INFO [MorningStar] [my_client.py (operation:103] -- Continue...
2023-08-14 10:04:37,181 INFO [MorningStar] [my_client.py (operation:95] -- reading img of F:/FDOCAS/data/baby_8.jpg
2023-08-14 10:04:37,184 INFO [MorningStar] [my_client.py (client:39] -- Sending img ...
2023-08-14 10:04:37,184 INFO [MorningStar] [my_client.py (client:44] -- Sending img done ...
2023-08-14 10:04:37,238 INFO [MorningStar] [my_client.py (start_listen:65] -- Getting result img_baby_8.jpg...
2023-08-14 10:04:38,267 INFO [MorningStar] [my_client.py (operation:103] -- Continue...
2023-08-14 10:04:38,268 INFO [MorningStar] [my_client.py (operation:95] -- reading img of F:/FDOCAS/data/baby_9.jpg
2023-08-14 10:04:38,272 INFO [MorningStar] [my_client.py (client:39] -- Sending img ...
2023-08-14 10:04:38,273 INFO [MorningStar] [my_client.py (client:44] -- Sending img done ...
2023-08-14 10:04:38,342 INFO [MorningStar] [my_client.py (start_listen:65] -- Getting result img_baby_9.jpg...
2023-08-14 10:04:39,357 INFO [MorningStar] [my_client.py (operation:103] -- Continue...
2023-08-14 10:04:39,357 INFO [MorningStar] [my_client.py (operation:95] -- reading img of F:/FDOCAS/data/baby_10.jpg
2023-08-14 10:04:39,360 INFO [MorningStar] [my_client.py (client:39] -- Sending img ...
2023-08-14 10:04:39,360 INFO [MorningStar] [my_client.py (client:44] -- Sending img done ...
2023-08-14 10:04:39,422 INFO [MorningStar] [my_client.py (start_listen:65] -- Getting result img_baby_10.jpg...
2023-08-14 10:04:39,429 INFO [MorningStar] [my_client.py (operation:103] -- Continue...
2023-08-14 10:04:39,429 INFO [MorningStar] [my_client.py (operation:95] -- reading img of F:/FDOCAS/data/baby_11.jpg
2023-08-14 10:04:39,431 INFO [MorningStar] [my_client.py (client:39] -- Sending img ...
2023-08-14 10:04:39,431 INFO [MorningStar] [my_client.py (client:44] -- Sending img done ...
2023-08-14 10:04:39,496 INFO [MorningStar] [my_client.py (start_listen:65] -- Getting result img_baby_11.jpg...
2023-08-14 10:04:39,503 INFO [MorningStar] [my_client.py (operation:103] -- Continue...
2023-08-14 10:04:39,503 INFO [MorningStar] [my_client.py (operation:95] -- reading img of F:/FDOCAS/data/baby_12.jpg
2023-08-14 10:04:39,505 INFO [MorningStar] [my_client.py (client:39] -- Sending img ...
2023-08-14 10:04:39,506 INFO [MorningStar] [my_client.py (client:44] -- Sending img done ...
2023-08-14 10:04:39,569 INFO [MorningStar] [my_client.py (start_listen:65] -- Getting result img_baby_12.jpg...
2023-08-14 10:04:40,608 INFO [MorningStar] [my_client.py (operation:103] -- Continue...
2023-08-14 10:04:40,608 INFO [MorningStar] [my_client.py (operation:95] -- reading img of F:/FDOCAS/data/baby_13.jpg
2023-08-14 10:04:40,611 INFO [MorningStar] [my_client.py (client:39] -- Sending img ...
2023-08-14 10:04:40,612 INFO [MorningStar] [my_client.py (client:44] -- Sending img done ...
2023-08-14 10:04:40,678 INFO [MorningStar] [my_client.py (start_listen:65] -- Getting result img_baby_13.jpg...
2023-08-14 10:04:40,687 INFO [MorningStar] [my_client.py (operation:103] -- Continue...
2023-08-14 10:04:40,688 INFO [MorningStar] [my_client.py (operation:95] -- reading img of F:/FDOCAS/data/baby_14.jpg
2023-08-14 10:04:40,690 INFO [MorningStar] [my_client.py (client:39] -- Sending img ...
2023-08-14 10:04:40,690 INFO [MorningStar] [my_client.py (client:44] -- Sending img done ...
2023-08-14 10:04:40,752 INFO [MorningStar] [my_client.py (start_listen:65] -- Getting result img_baby_14.jpg...
2023-08-14 10:05:53,473 INFO [MorningStar] [my_client.py (operation:95] -- reading img of F:/FDOCAS/data/baby_0.jpg
2023-08-14 10:05:53,476 INFO [MorningStar] [my_client.py (client:39] -- Sending img ...
2023-08-14 10:05:53,476 INFO [MorningStar] [my_client.py (client:44] -- Sending img done ...
2023-08-14 10:05:53,635 INFO [MorningStar] [my_client.py (start_listen:65] -- Getting result img_baby_0.jpg...
2023-08-14 10:05:54,651 INFO [MorningStar] [my_client.py (operation:103] -- Continue...
2023-08-14 10:05:54,652 INFO [MorningStar] [my_client.py (operation:95] -- reading img of F:/FDOCAS/data/baby_1.jpg
2023-08-14 10:05:54,654 INFO [MorningStar] [my_client.py (client:39] -- Sending img ...
2023-08-14 10:05:54,654 INFO [MorningStar] [my_client.py (client:44] -- Sending img done ...
2023-08-14 10:05:54,713 INFO [MorningStar] [my_client.py (start_listen:65] -- Getting result img_baby_1.jpg...
2023-08-14 10:05:54,720 INFO [MorningStar] [my_client.py (operation:103] -- Continue...
2023-08-14 10:05:54,720 INFO [MorningStar] [my_client.py (operation:95] -- reading img of F:/FDOCAS/data/baby_2.jpg
2023-08-14 10:05:54,723 INFO [MorningStar] [my_client.py (client:39] -- Sending img ...
2023-08-14 10:05:54,723 INFO [MorningStar] [my_client.py (client:44] -- Sending img done ...
2023-08-14 10:05:54,792 INFO [MorningStar] [my_client.py (start_listen:65] -- Getting result img_baby_2.jpg...
2023-08-14 10:05:54,801 INFO [MorningStar] [my_client.py (operation:103] -- Continue...
2023-08-14 10:05:54,805 INFO [MorningStar] [my_client.py (operation:95] -- reading img of F:/FDOCAS/data/baby_3.jpg
2023-08-14 10:05:54,807 INFO [MorningStar] [my_client.py (client:39] -- Sending img ...
2023-08-14 10:05:54,808 INFO [MorningStar] [my_client.py (client:44] -- Sending img done ...
2023-08-14 10:05:54,854 INFO [MorningStar] [my_client.py (start_listen:65] -- Getting result img_baby_3.jpg...
2023-08-14 10:05:54,860 INFO [MorningStar] [my_client.py (operation:103] -- Continue...
2023-08-14 10:05:54,868 INFO [MorningStar] [my_client.py (operation:95] -- reading img of F:/FDOCAS/data/baby_4.jpg
2023-08-14 10:05:55,875 INFO [MorningStar] [my_client.py (client:39] -- Sending img ...
2023-08-14 10:05:55,875 INFO [MorningStar] [my_client.py (client:44] -- Sending img done ...
2023-08-14 10:05:55,935 INFO [MorningStar] [my_client.py (start_listen:65] -- Getting result img_baby_4.jpg...
2023-08-14 10:05:55,942 INFO [MorningStar] [my_client.py (operation:103] -- Continue...
2023-08-14 10:05:55,942 INFO [MorningStar] [my_client.py (operation:95] -- reading img of F:/FDOCAS/data/baby_5.jpg
2023-08-14 10:05:55,946 INFO [MorningStar] [my_client.py (client:39] -- Sending img ...
2023-08-14 10:05:55,946 INFO [MorningStar] [my_client.py (client:44] -- Sending img done ...
2023-08-14 10:05:56,006 INFO [MorningStar] [my_client.py (start_listen:65] -- Getting result img_baby_5.jpg...
2023-08-14 10:05:56,014 INFO [MorningStar] [my_client.py (operation:103] -- Continue...
2023-08-14 10:05:56,014 INFO [MorningStar] [my_client.py (operation:95] -- reading img of F:/FDOCAS/data/baby_6.jpg
2023-08-14 10:05:56,016 INFO [MorningStar] [my_client.py (client:39] -- Sending img ...
2023-08-14 10:05:56,017 INFO [MorningStar] [my_client.py (client:44] -- Sending img done ...
2023-08-14 10:05:56,082 INFO [MorningStar] [my_client.py (start_listen:65] -- Getting result img_baby_6.jpg...
2023-08-14 10:05:56,086 INFO [MorningStar] [my_client.py (operation:103] -- Continue...
2023-08-14 10:05:56,092 INFO [MorningStar] [my_client.py (operation:95] -- reading img of F:/FDOCAS/data/baby_7.jpg
2023-08-14 10:05:56,094 INFO [MorningStar] [my_client.py (client:39] -- Sending img ...
2023-08-14 10:05:56,094 INFO [MorningStar] [my_client.py (client:44] -- Sending img done ...
2023-08-14 10:05:56,129 INFO [MorningStar] [my_client.py (start_listen:65] -- Getting result img_baby_7.jpg...
2023-08-14 10:05:57,147 INFO [MorningStar] [my_client.py (operation:103] -- Continue...
2023-08-14 10:05:57,151 INFO [MorningStar] [my_client.py (operation:95] -- reading img of F:/FDOCAS/data/baby_8.jpg
2023-08-14 10:05:57,154 INFO [MorningStar] [my_client.py (client:39] -- Sending img ...
2023-08-14 10:05:57,154 INFO [MorningStar] [my_client.py (client:44] -- Sending img done ...
2023-08-14 10:05:57,216 INFO [MorningStar] [my_client.py (start_listen:65] -- Getting result img_baby_8.jpg...
2023-08-14 10:05:58,236 INFO [MorningStar] [my_client.py (operation:103] -- Continue...
2023-08-14 10:05:58,241 INFO [MorningStar] [my_client.py (operation:95] -- reading img of F:/FDOCAS/data/baby_9.jpg
2023-08-14 10:05:58,244 INFO [MorningStar] [my_client.py (client:39] -- Sending img ...
2023-08-14 10:05:58,245 INFO [MorningStar] [my_client.py (client:44] -- Sending img done ...
2023-08-14 10:05:58,307 INFO [MorningStar] [my_client.py (start_listen:65] -- Getting result img_baby_9.jpg...
2023-08-14 10:05:58,312 INFO [MorningStar] [my_client.py (operation:103] -- Continue...
2023-08-14 10:05:58,313 INFO [MorningStar] [my_client.py (operation:95] -- reading img of F:/FDOCAS/data/baby_10.jpg
2023-08-14 10:05:58,316 INFO [MorningStar] [my_client.py (client:39] -- Sending img ...
2023-08-14 10:05:58,316 INFO [MorningStar] [my_client.py (client:44] -- Sending img done ...
2023-08-14 10:05:58,369 INFO [MorningStar] [my_client.py (start_listen:65] -- Getting result img_baby_10.jpg...
2023-08-14 10:05:58,376 INFO [MorningStar] [my_client.py (operation:103] -- Continue...
2023-08-14 10:05:58,377 INFO [MorningStar] [my_client.py (operation:95] -- reading img of F:/FDOCAS/data/baby_11.jpg
2023-08-14 10:05:58,379 INFO [MorningStar] [my_client.py (client:39] -- Sending img ...
2023-08-14 10:05:58,379 INFO [MorningStar] [my_client.py (client:44] -- Sending img done ...
2023-08-14 10:05:58,428 INFO [MorningStar] [my_client.py (start_listen:65] -- Getting result img_baby_11.jpg...
2023-08-14 10:05:58,433 INFO [MorningStar] [my_client.py (operation:103] -- Continue...
2023-08-14 10:05:58,434 INFO [MorningStar] [my_client.py (operation:95] -- reading img of F:/FDOCAS/data/baby_12.jpg
2023-08-14 10:05:58,437 INFO [MorningStar] [my_client.py (client:39] -- Sending img ...
2023-08-14 10:05:58,437 INFO [MorningStar] [my_client.py (client:44] -- Sending img done ...
2023-08-14 10:05:58,507 INFO [MorningStar] [my_client.py (start_listen:65] -- Getting result img_baby_12.jpg...
2023-08-14 10:05:58,512 INFO [MorningStar] [my_client.py (operation:103] -- Continue...
2023-08-14 10:05:58,513 INFO [MorningStar] [my_client.py (operation:95] -- reading img of F:/FDOCAS/data/baby_13.jpg
2023-08-14 10:05:58,515 INFO [MorningStar] [my_client.py (client:39] -- Sending img ...
2023-08-14 10:05:58,515 INFO [MorningStar] [my_client.py (client:44] -- Sending img done ...
2023-08-14 10:05:58,571 INFO [MorningStar] [my_client.py (start_listen:65] -- Getting result img_baby_13.jpg...
2023-08-14 10:05:59,579 INFO [MorningStar] [my_client.py (operation:103] -- Continue...
2023-08-14 10:05:59,579 INFO [MorningStar] [my_client.py (operation:95] -- reading img of F:/FDOCAS/data/baby_14.jpg
2023-08-14 10:05:59,582 INFO [MorningStar] [my_client.py (client:39] -- Sending img ...
2023-08-14 10:05:59,582 INFO [MorningStar] [my_client.py (client:44] -- Sending img done ...
2023-08-14 10:05:59,621 INFO [MorningStar] [my_client.py (start_listen:65] -- Getting result img_baby_14.jpg...
2023-08-14 10:06:00,633 INFO [MorningStar] [my_client.py (operation:103] -- Continue...
2023-08-14 10:06:00,634 INFO [MorningStar] [my_client.py (operation:95] -- reading img of F:/FDOCAS/data/baby_15.jpg
2023-08-14 10:06:00,636 INFO [MorningStar] [my_client.py (client:39] -- Sending img ...
2023-08-14 10:06:00,636 INFO [MorningStar] [my_client.py (client:44] -- Sending img done ...
2023-08-14 10:06:00,675 INFO [MorningStar] [my_client.py (start_listen:65] -- Getting result img_baby_15.jpg...
2023-08-14 10:06:01,688 INFO [MorningStar] [my_client.py (operation:103] -- Continue...
2023-08-14 10:06:01,689 INFO [MorningStar] [my_client.py (operation:95] -- reading img of F:/FDOCAS/data/baby_16.jpg
2023-08-14 10:06:01,691 INFO [MorningStar] [my_client.py (client:39] -- Sending img ...
2023-08-14 10:06:01,691 INFO [MorningStar] [my_client.py (client:44] -- Sending img done ...
2023-08-14 10:06:01,745 INFO [MorningStar] [my_client.py (start_listen:65] -- Getting result img_baby_16.jpg...
2023-08-14 10:06:02,780 INFO [MorningStar] [my_client.py (operation:103] -- Continue...
2023-08-14 10:06:02,780 INFO [MorningStar] [my_client.py (operation:95] -- reading img of F:/FDOCAS/data/baby_17.jpg
2023-08-14 10:06:02,783 INFO [MorningStar] [my_client.py (client:39] -- Sending img ...
2023-08-14 10:06:02,783 INFO [MorningStar] [my_client.py (client:44] -- Sending img done ...
2023-08-14 10:06:02,840 INFO [MorningStar] [my_client.py (start_listen:65] -- Getting result img_baby_17.jpg...
2023-08-14 10:06:02,845 INFO [MorningStar] [my_client.py (operation:103] -- Continue...
2023-08-14 10:06:02,846 INFO [MorningStar] [my_client.py (operation:95] -- reading img of F:/FDOCAS/data/baby_18.jpg
2023-08-14 10:06:02,849 INFO [MorningStar] [my_client.py (client:39] -- Sending img ...
2023-08-14 10:06:02,850 INFO [MorningStar] [my_client.py (client:44] -- Sending img done ...
2023-08-14 10:06:02,914 INFO [MorningStar] [my_client.py (start_listen:65] -- Getting result img_baby_18.jpg...
2023-08-14 10:06:02,921 INFO [MorningStar] [my_client.py (operation:103] -- Continue...
2023-08-14 10:06:02,922 INFO [MorningStar] [my_client.py (operation:95] -- reading img of F:/FDOCAS/data/baby_19.jpg
2023-08-14 10:06:02,924 INFO [MorningStar] [my_client.py (client:39] -- Sending img ...
2023-08-14 10:06:02,924 INFO [MorningStar] [my_client.py (client:44] -- Sending img done ...
2023-08-14 10:06:02,987 INFO [MorningStar] [my_client.py (start_listen:65] -- Getting result img_baby_19.jpg...
2023-08-14 10:06:03,997 INFO [MorningStar] [my_client.py (operation:103] -- Continue...
2023-08-14 10:06:03,998 INFO [MorningStar] [my_client.py (operation:95] -- reading img of F:/FDOCAS/data/baby_20.jpg
2023-08-14 10:06:04,000 INFO [MorningStar] [my_client.py (client:39] -- Sending img ...
2023-08-14 10:06:04,000 INFO [MorningStar] [my_client.py (client:44] -- Sending img done ...
2023-08-14 10:06:04,062 INFO [MorningStar] [my_client.py (start_listen:65] -- Getting result img_baby_20.jpg...
2023-08-14 10:06:05,085 INFO [MorningStar] [my_client.py (operation:103] -- Continue...
2023-08-14 10:06:05,085 INFO [MorningStar] [my_client.py (operation:95] -- reading img of F:/FDOCAS/data/baby_21.jpg
2023-08-14 10:06:05,088 INFO [MorningStar] [my_client.py (client:39] -- Sending img ...
2023-08-14 10:06:05,088 INFO [MorningStar] [my_client.py (client:44] -- Sending img done ...
2023-08-14 10:06:05,154 INFO [MorningStar] [my_client.py (start_listen:65] -- Getting result img_baby_21.jpg...
2023-08-14 10:06:05,160 INFO [MorningStar] [my_client.py (operation:103] -- Continue...
2023-08-14 10:06:05,161 INFO [MorningStar] [my_client.py (operation:95] -- reading img of F:/FDOCAS/data/baby_22.jpg
2023-08-14 10:06:05,164 INFO [MorningStar] [my_client.py (client:39] -- Sending img ...
2023-08-14 10:06:05,164 INFO [MorningStar] [my_client.py (client:44] -- Sending img done ...
2023-08-14 10:06:05,228 INFO [MorningStar] [my_client.py (start_listen:65] -- Getting result img_baby_22.jpg...
2023-08-14 10:06:06,236 INFO [MorningStar] [my_client.py (operation:103] -- Continue...
2023-08-14 10:06:06,236 INFO [MorningStar] [my_client.py (operation:95] -- reading img of F:/FDOCAS/data/baby_23.jpg
2023-08-14 10:06:06,239 INFO [MorningStar] [my_client.py (client:39] -- Sending img ...
2023-08-14 10:06:06,239 INFO [MorningStar] [my_client.py (client:44] -- Sending img done ...
2023-08-14 10:06:06,302 INFO [MorningStar] [my_client.py (start_listen:65] -- Getting result img_baby_23.jpg...
2023-08-14 10:06:07,322 INFO [MorningStar] [my_client.py (operation:103] -- Continue...
2023-08-14 10:06:07,323 INFO [MorningStar] [my_client.py (operation:95] -- reading img of F:/FDOCAS/data/baby_24.jpg
2023-08-14 10:06:07,326 INFO [MorningStar] [my_client.py (client:39] -- Sending img ...
2023-08-14 10:06:07,327 INFO [MorningStar] [my_client.py (client:44] -- Sending img done ...
2023-08-14 10:06:07,388 INFO [MorningStar] [my_client.py (start_listen:65] -- Getting result img_baby_24.jpg...
2023-08-14 10:06:08,413 INFO [MorningStar] [my_client.py (operation:103] -- Continue...
2023-08-14 10:06:08,414 INFO [MorningStar] [my_client.py (operation:95] -- reading img of F:/FDOCAS/data/baby_25.jpg
2023-08-14 10:06:08,416 INFO [MorningStar] [my_client.py (client:39] -- Sending img ...
2023-08-14 10:06:08,416 INFO [MorningStar] [my_client.py (client:44] -- Sending img done ...
2023-08-14 10:06:08,474 INFO [MorningStar] [my_client.py (start_listen:65] -- Getting result img_baby_25.jpg...
2023-08-14 10:06:09,499 INFO [MorningStar] [my_client.py (operation:103] -- Continue...
2023-08-14 10:06:09,500 INFO [MorningStar] [my_client.py (operation:95] -- reading img of F:/FDOCAS/data/baby_26.jpg
2023-08-14 10:06:09,502 INFO [MorningStar] [my_client.py (client:39] -- Sending img ...
2023-08-14 10:06:09,502 INFO [MorningStar] [my_client.py (client:44] -- Sending img done ...
2023-08-14 10:06:09,568 INFO [MorningStar] [my_client.py (start_listen:65] -- Getting result img_baby_26.jpg...
2023-08-14 10:06:09,574 INFO [MorningStar] [my_client.py (operation:103] -- Continue...
2023-08-14 10:06:09,574 INFO [MorningStar] [my_client.py (operation:95] -- reading img of F:/FDOCAS/data/baby_27.jpg
2023-08-14 10:06:09,578 INFO [MorningStar] [my_client.py (client:39] -- Sending img ...
2023-08-14 10:06:09,578 INFO [MorningStar] [my_client.py (client:44] -- Sending img done ...
2023-08-14 10:06:09,643 INFO [MorningStar] [my_client.py (start_listen:65] -- Getting result img_baby_27.jpg...
2023-08-14 10:06:10,652 INFO [MorningStar] [my_client.py (operation:103] -- Continue...
2023-08-14 10:06:10,652 INFO [MorningStar] [my_client.py (operation:95] -- reading img of F:/FDOCAS/data/baby_28.jpg
2023-08-14 10:06:10,655 INFO [MorningStar] [my_client.py (client:39] -- Sending img ...
2023-08-14 10:06:10,655 INFO [MorningStar] [my_client.py (client:44] -- Sending img done ...
2023-08-14 10:06:10,707 INFO [MorningStar] [my_client.py (start_listen:65] -- Getting result img_baby_28.jpg...
2023-08-14 10:06:11,737 INFO [MorningStar] [my_client.py (operation:103] -- Continue...
2023-08-14 10:06:11,738 INFO [MorningStar] [my_client.py (operation:95] -- reading img of F:/FDOCAS/data/baby_29.jpg
2023-08-14 10:06:11,740 INFO [MorningStar] [my_client.py (client:39] -- Sending img ...
2023-08-14 10:06:11,741 INFO [MorningStar] [my_client.py (client:44] -- Sending img done ...
2023-08-14 10:06:11,799 INFO [MorningStar] [my_client.py (start_listen:65] -- Getting result img_baby_29.jpg...
2023-08-14 10:06:12,827 INFO [MorningStar] [my_client.py (operation:103] -- Continue...
2023-08-14 10:06:12,828 INFO [MorningStar] [my_client.py (operation:95] -- reading img of F:/FDOCAS/data/baby_30.jpg
2023-08-14 10:06:12,831 INFO [MorningStar] [my_client.py (client:39] -- Sending img ...
2023-08-14 10:06:12,831 INFO [MorningStar] [my_client.py (client:44] -- Sending img done ...
2023-08-14 10:06:12,896 INFO [MorningStar] [my_client.py (start_listen:65] -- Getting result img_baby_30.jpg...
2023-08-14 10:06:12,904 INFO [MorningStar] [my_client.py (operation:103] -- Continue...
2023-08-14 10:06:12,904 INFO [MorningStar] [my_client.py (operation:95] -- reading img of F:/FDOCAS/data/baby_31.jpg
2023-08-14 10:06:12,906 INFO [MorningStar] [my_client.py (client:39] -- Sending img ...
2023-08-14 10:06:12,907 INFO [MorningStar] [my_client.py (client:44] -- Sending img done ...
2023-08-14 10:06:12,967 INFO [MorningStar] [my_client.py (start_listen:65] -- Getting result img_baby_31.jpg...
2023-08-14 10:06:13,979 INFO [MorningStar] [my_client.py (operation:103] -- Continue...
2023-08-14 10:06:13,979 INFO [MorningStar] [my_client.py (operation:95] -- reading img of F:/FDOCAS/data/baby_32.jpg
2023-08-14 10:06:13,982 INFO [MorningStar] [my_client.py (client:39] -- Sending img ...
2023-08-14 10:06:13,983 INFO [MorningStar] [my_client.py (client:44] -- Sending img done ...
2023-08-14 10:06:14,037 INFO [MorningStar] [my_client.py (start_listen:65] -- Getting result img_baby_32.jpg...
2023-08-14 10:06:15,067 INFO [MorningStar] [my_client.py (operation:103] -- Continue...
2023-08-14 10:06:15,068 INFO [MorningStar] [my_client.py (operation:95] -- reading img of F:/FDOCAS/data/baby_33.jpg
2023-08-14 10:06:15,072 INFO [MorningStar] [my_client.py (client:39] -- Sending img ...
2023-08-14 10:06:15,072 INFO [MorningStar] [my_client.py (client:44] -- Sending img done ...
2023-08-14 10:06:15,141 INFO [MorningStar] [my_client.py (start_listen:65] -- Getting result img_baby_33.jpg...
2023-08-14 10:06:15,148 INFO [MorningStar] [my_client.py (operation:103] -- Continue...
2023-08-14 10:06:15,149 INFO [MorningStar] [my_client.py (operation:95] -- reading img of F:/FDOCAS/data/baby_34.jpg
2023-08-14 10:06:15,152 INFO [MorningStar] [my_client.py (client:39] -- Sending img ...
2023-08-14 10:06:15,152 INFO [MorningStar] [my_client.py (client:44] -- Sending img done ...
2023-08-14 10:06:15,214 INFO [MorningStar] [my_client.py (start_listen:65] -- Getting result img_baby_34.jpg...
2023-08-14 10:06:16,253 INFO [MorningStar] [my_client.py (operation:103] -- Continue...
2023-08-14 10:06:16,253 INFO [MorningStar] [my_client.py (operation:95] -- reading img of F:/FDOCAS/data/baby_35.jpg
2023-08-14 10:06:16,255 INFO [MorningStar] [my_client.py (client:39] -- Sending img ...
2023-08-14 10:06:16,255 INFO [MorningStar] [my_client.py (client:44] -- Sending img done ...
2023-08-14 10:06:16,310 INFO [MorningStar] [my_client.py (start_listen:65] -- Getting result img_baby_35.jpg...
2023-08-14 10:06:17,339 INFO [MorningStar] [my_client.py (operation:103] -- Continue...
2023-08-14 10:06:17,340 INFO [MorningStar] [my_client.py (operation:95] -- reading img of F:/FDOCAS/data/baby_36.jpg
2023-08-14 10:06:17,342 INFO [MorningStar] [my_client.py (client:39] -- Sending img ...
2023-08-14 10:06:17,343 INFO [MorningStar] [my_client.py (client:44] -- Sending img done ...
2023-08-14 10:06:17,415 INFO [MorningStar] [my_client.py (start_listen:65] -- Getting result img_baby_36.jpg...
2023-08-14 10:06:18,428 INFO [MorningStar] [my_client.py (operation:103] -- Continue...
2023-08-14 10:06:18,428 INFO [MorningStar] [my_client.py (operation:95] -- reading img of F:/FDOCAS/data/baby_37.jpg
2023-08-14 10:06:18,428 INFO [MorningStar] [my_client.py (operation:97] -- Skipping this invalid images
2023-08-14 10:06:18,428 INFO [MorningStar] [my_client.py (operation:98] -- Continue...
2023-08-14 10:06:18,431 INFO [MorningStar] [my_client.py (operation:92] -- Finish...
